[2025-06-12 09:33:39] [INFO] [src\config\logger.rs:39] init logger config success
[2025-06-12 09:33:39] [WARN] [C:\Users\10463\.cargo\registry\src\index.crates.io-1949cf8c6b5b557f\wgpu-hal-0.16.2\src\vulkan\instance.rs:565] Unable to find layer: VK_LAYER_KHRONOS_validation
[2025-06-12 09:33:39] [INFO] [C:\Users\10463\.cargo\registry\src\index.crates.io-1949cf8c6b5b557f\wgpu-hal-0.16.2\src\vulkan\instance.rs:250] Instance version: 0x403122
[2025-06-12 09:33:39] [INFO] [C:\Users\10463\.cargo\registry\src\index.crates.io-1949cf8c6b5b557f\wgpu-hal-0.16.2\src\vulkan\instance.rs:253] Enabling debug utils
[2025-06-12 09:33:39] [INFO] [C:\Users\10463\.cargo\registry\src\index.crates.io-1949cf8c6b5b557f\wgpu-hal-0.16.2\src\vulkan\instance.rs:287] Enabling device properties2
[2025-06-12 09:33:39] [WARN] [C:\Users\10463\.cargo\registry\src\index.crates.io-1949cf8c6b5b557f\wgpu-hal-0.16.2\src\dx12\instance.rs:27] Unable to enable D3D12 debug interface: 0x887A002D
[2025-06-12 09:33:39] [WARN] [C:\Users\10463\.cargo\registry\src\index.crates.io-1949cf8c6b5b557f\wgpu-hal-0.16.2\src\auxil\dxgi\factory.rs:115] Unable to enable DXGI debug interface: 0x887A002D
[2025-06-12 09:33:39] [INFO] [C:\Users\10463\.cargo\registry\src\index.crates.io-1949cf8c6b5b557f\wgpu-hal-0.16.2\src\gles\egl.rs:663] Unable to open libEGL: Library(LoadLibraryExW { source: Os { code: 126, kind: Uncategorized, message: "找不到指定的模块。" } })
[2025-06-12 09:33:39] [INFO] [C:\Users\10463\.cargo\registry\src\index.crates.io-1949cf8c6b5b557f\iced_wgpu-0.11.1\src\window\compositor.rs:40] Settings {
    present_mode: AutoVsync,
    internal_backend: Backends(
        VULKAN | GL | METAL | DX12 | DX11 | BROWSER_WEBGPU,
    ),
    default_font: Font {
        family: Name(
            "Microsoft YaHei",
        ),
        weight: Normal,
        stretch: Normal,
        monospaced: false,
    },
    default_text_size: 16.0,
    antialiasing: None,
}
[2025-06-12 09:33:39] [INFO] [C:\Users\10463\.cargo\registry\src\index.crates.io-1949cf8c6b5b557f\wgpu-core-0.16.1\src\instance.rs:687] Adapter Vulkan AdapterInfo { name: "Intel(R) Iris(R) Xe Graphics", vendor: 32902, device: 18086, device_type: IntegratedGpu, driver: "Intel Corporation", driver_info: "101.6078", backend: Vulkan }
[2025-06-12 09:33:39] [INFO] [C:\Users\10463\.cargo\registry\src\index.crates.io-1949cf8c6b5b557f\wgpu-core-0.16.1\src\instance.rs:687] Adapter Vulkan AdapterInfo { name: "NVIDIA GeForce RTX 3050 Laptop GPU", vendor: 4318, device: 9698, device_type: DiscreteGpu, driver: "NVIDIA", driver_info: "566.35", backend: Vulkan }
[2025-06-12 09:33:39] [INFO] [C:\Users\10463\.cargo\registry\src\index.crates.io-1949cf8c6b5b557f\wgpu-core-0.16.1\src\instance.rs:687] Adapter Vulkan AdapterInfo { name: "Intel(R) Iris(R) Xe Graphics", vendor: 32902, device: 18086, device_type: IntegratedGpu, driver: "Intel Corporation", driver_info: "101.6078", backend: Vulkan }
[2025-06-12 09:33:39] [INFO] [C:\Users\10463\.cargo\registry\src\index.crates.io-1949cf8c6b5b557f\wgpu-core-0.16.1\src\instance.rs:687] Adapter Vulkan AdapterInfo { name: "Intel(R) Iris(R) Xe Graphics", vendor: 32902, device: 18086, device_type: IntegratedGpu, driver: "Intel Corporation", driver_info: "101.6078", backend: Vulkan }
[2025-06-12 09:33:39] [INFO] [C:\Users\10463\.cargo\registry\src\index.crates.io-1949cf8c6b5b557f\wgpu-core-0.16.1\src\instance.rs:687] Adapter Dx12 AdapterInfo { name: "NVIDIA GeForce RTX 3050 Laptop GPU", vendor: 4318, device: 9698, device_type: DiscreteGpu, driver: "", driver_info: "", backend: Dx12 }
[2025-06-12 09:33:39] [INFO] [C:\Users\10463\.cargo\registry\src\index.crates.io-1949cf8c6b5b557f\wgpu-core-0.16.1\src\instance.rs:687] Adapter Dx12 AdapterInfo { name: "Intel(R) Iris(R) Xe Graphics", vendor: 32902, device: 18086, device_type: IntegratedGpu, driver: "", driver_info: "", backend: Dx12 }
[2025-06-12 09:33:39] [INFO] [C:\Users\10463\.cargo\registry\src\index.crates.io-1949cf8c6b5b557f\wgpu-core-0.16.1\src\instance.rs:687] Adapter Dx12 AdapterInfo { name: "Microsoft Basic Render Driver", vendor: 5140, device: 140, device_type: Cpu, driver: "", driver_info: "", backend: Dx12 }
[2025-06-12 09:33:39] [INFO] [C:\Users\10463\.cargo\registry\src\index.crates.io-1949cf8c6b5b557f\wgpu-core-0.16.1\src\instance.rs:687] Adapter Dx12 AdapterInfo { name: "Intel(R) Iris(R) Xe Graphics", vendor: 32902, device: 18086, device_type: IntegratedGpu, driver: "", driver_info: "", backend: Dx12 }
[2025-06-12 09:33:39] [INFO] [C:\Users\10463\.cargo\registry\src\index.crates.io-1949cf8c6b5b557f\wgpu-core-0.16.1\src\instance.rs:687] Adapter Dx12 AdapterInfo { name: "Intel(R) Iris(R) Xe Graphics", vendor: 32902, device: 18086, device_type: IntegratedGpu, driver: "", driver_info: "", backend: Dx12 }
[2025-06-12 09:33:39] [INFO] [C:\Users\10463\.cargo\registry\src\index.crates.io-1949cf8c6b5b557f\iced_wgpu-0.11.1\src\window\compositor.rs:48] Available adapters: [
    AdapterInfo {
        name: "Intel(R) Iris(R) Xe Graphics",
        vendor: 32902,
        device: 18086,
        device_type: IntegratedGpu,
        driver: "Intel Corporation",
        driver_info: "101.6078",
        backend: Vulkan,
    },
    AdapterInfo {
        name: "NVIDIA GeForce RTX 3050 Laptop GPU",
        vendor: 4318,
        device: 9698,
        device_type: DiscreteGpu,
        driver: "NVIDIA",
        driver_info: "566.35",
        backend: Vulkan,
    },
    AdapterInfo {
        name: "Intel(R) Iris(R) Xe Graphics",
        vendor: 32902,
        device: 18086,
        device_type: IntegratedGpu,
        driver: "Intel Corporation",
        driver_info: "101.6078",
        backend: Vulkan,
    },
    AdapterInfo {
        name: "Intel(R) Iris(R) Xe Graphics",
        vendor: 32902,
        device: 18086,
        device_type: IntegratedGpu,
        driver: "Intel Corporation",
        driver_info: "101.6078",
        backend: Vulkan,
    },
    AdapterInfo {
        name: "NVIDIA GeForce RTX 3050 Laptop GPU",
        vendor: 4318,
        device: 9698,
        device_type: DiscreteGpu,
        driver: "",
        driver_info: "",
        backend: Dx12,
    },
    AdapterInfo {
        name: "Intel(R) Iris(R) Xe Graphics",
        vendor: 32902,
        device: 18086,
        device_type: IntegratedGpu,
        driver: "",
        driver_info: "",
        backend: Dx12,
    },
    AdapterInfo {
        name: "Microsoft Basic Render Driver",
        vendor: 5140,
        device: 140,
        device_type: Cpu,
        driver: "",
        driver_info: "",
        backend: Dx12,
    },
    AdapterInfo {
        name: "Intel(R) Iris(R) Xe Graphics",
        vendor: 32902,
        device: 18086,
        device_type: IntegratedGpu,
        driver: "",
        driver_info: "",
        backend: Dx12,
    },
    AdapterInfo {
        name: "Intel(R) Iris(R) Xe Graphics",
        vendor: 32902,
        device: 18086,
        device_type: IntegratedGpu,
        driver: "",
        driver_info: "",
        backend: Dx12,
    },
]
[2025-06-12 09:33:39] [INFO] [C:\Users\10463\.cargo\registry\src\index.crates.io-1949cf8c6b5b557f\wgpu-core-0.16.1\src\instance.rs:739] Adapter Vulkan AdapterInfo { name: "Intel(R) Iris(R) Xe Graphics", vendor: 32902, device: 18086, device_type: IntegratedGpu, driver: "Intel Corporation", driver_info: "101.6078", backend: Vulkan }
[2025-06-12 09:33:39] [INFO] [C:\Users\10463\.cargo\registry\src\index.crates.io-1949cf8c6b5b557f\iced_wgpu-0.11.1\src\window\compositor.rs:68] Selected: AdapterInfo {
    name: "Intel(R) Iris(R) Xe Graphics",
    vendor: 32902,
    device: 18086,
    device_type: IntegratedGpu,
    driver: "Intel Corporation",
    driver_info: "101.6078",
    backend: Vulkan,
}
[2025-06-12 09:33:39] [INFO] [C:\Users\10463\.cargo\registry\src\index.crates.io-1949cf8c6b5b557f\iced_wgpu-0.11.1\src\window\compositor.rs:88] Selected format: Bgra8UnormSrgb
[2025-06-12 09:33:39] [INFO] [C:\Users\10463\.cargo\registry\src\index.crates.io-1949cf8c6b5b557f\wgpu-hal-0.16.2\src\vulkan\instance.rs:54] GENERAL [Loader Message (0x0)]
	Inserted device layer "VK_LAYER_NV_optimus" (C:\WINDOWS\System32\DriverStore\FileRepository\nvdm.inf_amd64_2d292cc6e7a5c70d\.\nvoglv64.dll)
[2025-06-12 09:33:39] [INFO] [C:\Users\10463\.cargo\registry\src\index.crates.io-1949cf8c6b5b557f\wgpu-hal-0.16.2\src\vulkan\instance.rs:113] 	objects: (type: INSTANCE, hndl: 0x1b18817a090, name: ?)
[2025-06-12 09:33:39] [INFO] [C:\Users\10463\.cargo\registry\src\index.crates.io-1949cf8c6b5b557f\wgpu-hal-0.16.2\src\vulkan\instance.rs:54] GENERAL [Loader Message (0x0)]
	vkCreateDevice layer callstack setup to:
[2025-06-12 09:33:39] [INFO] [C:\Users\10463\.cargo\registry\src\index.crates.io-1949cf8c6b5b557f\wgpu-hal-0.16.2\src\vulkan\instance.rs:113] 	objects: (type: INSTANCE, hndl: 0x1b18817a090, name: ?)
[2025-06-12 09:33:39] [INFO] [C:\Users\10463\.cargo\registry\src\index.crates.io-1949cf8c6b5b557f\wgpu-hal-0.16.2\src\vulkan\instance.rs:54] GENERAL [Loader Message (0x0)]
	   <Application>
[2025-06-12 09:33:39] [INFO] [C:\Users\10463\.cargo\registry\src\index.crates.io-1949cf8c6b5b557f\wgpu-hal-0.16.2\src\vulkan\instance.rs:113] 	objects: (type: INSTANCE, hndl: 0x1b18817a090, name: ?)
[2025-06-12 09:33:39] [INFO] [C:\Users\10463\.cargo\registry\src\index.crates.io-1949cf8c6b5b557f\wgpu-hal-0.16.2\src\vulkan\instance.rs:54] GENERAL [Loader Message (0x0)]
	     ||
[2025-06-12 09:33:39] [INFO] [C:\Users\10463\.cargo\registry\src\index.crates.io-1949cf8c6b5b557f\wgpu-hal-0.16.2\src\vulkan\instance.rs:113] 	objects: (type: INSTANCE, hndl: 0x1b18817a090, name: ?)
[2025-06-12 09:33:39] [INFO] [C:\Users\10463\.cargo\registry\src\index.crates.io-1949cf8c6b5b557f\wgpu-hal-0.16.2\src\vulkan\instance.rs:54] GENERAL [Loader Message (0x0)]
	   <Loader>
[2025-06-12 09:33:39] [INFO] [C:\Users\10463\.cargo\registry\src\index.crates.io-1949cf8c6b5b557f\wgpu-hal-0.16.2\src\vulkan\instance.rs:113] 	objects: (type: INSTANCE, hndl: 0x1b18817a090, name: ?)
[2025-06-12 09:33:39] [INFO] [C:\Users\10463\.cargo\registry\src\index.crates.io-1949cf8c6b5b557f\wgpu-hal-0.16.2\src\vulkan\instance.rs:54] GENERAL [Loader Message (0x0)]
	     ||
[2025-06-12 09:33:39] [INFO] [C:\Users\10463\.cargo\registry\src\index.crates.io-1949cf8c6b5b557f\wgpu-hal-0.16.2\src\vulkan\instance.rs:113] 	objects: (type: INSTANCE, hndl: 0x1b18817a090, name: ?)
[2025-06-12 09:33:39] [INFO] [C:\Users\10463\.cargo\registry\src\index.crates.io-1949cf8c6b5b557f\wgpu-hal-0.16.2\src\vulkan\instance.rs:54] GENERAL [Loader Message (0x0)]
	   VK_LAYER_NV_optimus
[2025-06-12 09:33:39] [INFO] [C:\Users\10463\.cargo\registry\src\index.crates.io-1949cf8c6b5b557f\wgpu-hal-0.16.2\src\vulkan\instance.rs:113] 	objects: (type: INSTANCE, hndl: 0x1b18817a090, name: ?)
[2025-06-12 09:33:39] [INFO] [C:\Users\10463\.cargo\registry\src\index.crates.io-1949cf8c6b5b557f\wgpu-hal-0.16.2\src\vulkan\instance.rs:54] GENERAL [Loader Message (0x0)]
	           Type: Implicit
[2025-06-12 09:33:39] [INFO] [C:\Users\10463\.cargo\registry\src\index.crates.io-1949cf8c6b5b557f\wgpu-hal-0.16.2\src\vulkan\instance.rs:113] 	objects: (type: INSTANCE, hndl: 0x1b18817a090, name: ?)
[2025-06-12 09:33:39] [INFO] [C:\Users\10463\.cargo\registry\src\index.crates.io-1949cf8c6b5b557f\wgpu-hal-0.16.2\src\vulkan\instance.rs:54] GENERAL [Loader Message (0x0)]
	               Disable Env Var:  DISABLE_LAYER_NV_OPTIMUS_1
[2025-06-12 09:33:39] [INFO] [C:\Users\10463\.cargo\registry\src\index.crates.io-1949cf8c6b5b557f\wgpu-hal-0.16.2\src\vulkan\instance.rs:113] 	objects: (type: INSTANCE, hndl: 0x1b18817a090, name: ?)
[2025-06-12 09:33:39] [INFO] [C:\Users\10463\.cargo\registry\src\index.crates.io-1949cf8c6b5b557f\wgpu-hal-0.16.2\src\vulkan\instance.rs:54] GENERAL [Loader Message (0x0)]
	           Manifest: C:\WINDOWS\System32\DriverStore\FileRepository\nvdm.inf_amd64_2d292cc6e7a5c70d\nv-vk64.json
[2025-06-12 09:33:39] [INFO] [C:\Users\10463\.cargo\registry\src\index.crates.io-1949cf8c6b5b557f\wgpu-hal-0.16.2\src\vulkan\instance.rs:113] 	objects: (type: INSTANCE, hndl: 0x1b18817a090, name: ?)
[2025-06-12 09:33:39] [INFO] [C:\Users\10463\.cargo\registry\src\index.crates.io-1949cf8c6b5b557f\wgpu-hal-0.16.2\src\vulkan\instance.rs:54] GENERAL [Loader Message (0x0)]
	           Library:  C:\WINDOWS\System32\DriverStore\FileRepository\nvdm.inf_amd64_2d292cc6e7a5c70d\.\nvoglv64.dll
[2025-06-12 09:33:39] [INFO] [C:\Users\10463\.cargo\registry\src\index.crates.io-1949cf8c6b5b557f\wgpu-hal-0.16.2\src\vulkan\instance.rs:113] 	objects: (type: INSTANCE, hndl: 0x1b18817a090, name: ?)
[2025-06-12 09:33:39] [INFO] [C:\Users\10463\.cargo\registry\src\index.crates.io-1949cf8c6b5b557f\wgpu-hal-0.16.2\src\vulkan\instance.rs:54] GENERAL [Loader Message (0x0)]
	     ||
[2025-06-12 09:33:39] [INFO] [C:\Users\10463\.cargo\registry\src\index.crates.io-1949cf8c6b5b557f\wgpu-hal-0.16.2\src\vulkan\instance.rs:113] 	objects: (type: INSTANCE, hndl: 0x1b18817a090, name: ?)
[2025-06-12 09:33:39] [INFO] [C:\Users\10463\.cargo\registry\src\index.crates.io-1949cf8c6b5b557f\wgpu-hal-0.16.2\src\vulkan\instance.rs:54] GENERAL [Loader Message (0x0)]
	   <Device>
[2025-06-12 09:33:39] [INFO] [C:\Users\10463\.cargo\registry\src\index.crates.io-1949cf8c6b5b557f\wgpu-hal-0.16.2\src\vulkan\instance.rs:113] 	objects: (type: INSTANCE, hndl: 0x1b18817a090, name: ?)
[2025-06-12 09:33:39] [INFO] [C:\Users\10463\.cargo\registry\src\index.crates.io-1949cf8c6b5b557f\wgpu-hal-0.16.2\src\vulkan\instance.rs:54] GENERAL [Loader Message (0x0)]
	       Using "Intel(R) Iris(R) Xe Graphics" with driver: "C:\WINDOWS\System32\DriverStore\FileRepository\iigd_dch.inf_amd64_6b18346d41a281d4\.\igvk64.dll"
[2025-06-12 09:33:39] [INFO] [C:\Users\10463\.cargo\registry\src\index.crates.io-1949cf8c6b5b557f\wgpu-hal-0.16.2\src\vulkan\instance.rs:113] 	objects: (type: INSTANCE, hndl: 0x1b18817a090, name: ?)
[2025-06-12 09:33:39] [WARN] [C:\Users\10463\.cargo\registry\src\index.crates.io-1949cf8c6b5b557f\fontdb-0.14.1\src\lib.rs:241] Failed to load a font face 0 from 'C:\Windows\Fonts\mstmc.ttf' cause malformed font.
[2025-06-12 09:33:39] [INFO] [C:\Users\10463\.cargo\registry\src\index.crates.io-1949cf8c6b5b557f\cosmic-text-0.9.0\src\font\system\std.rs:54] Parsed 390 font faces in 71ms.
[2025-06-12 09:33:39] [INFO] [C:\Users\10463\.cargo\registry\src\index.crates.io-1949cf8c6b5b557f\wgpu-core-0.16.1\src\device\mod.rs:3659] Created buffer Valid((0, 1, Vulkan)) with BufferDescriptor { label: Some("glyphon params"), size: 16, usage: BufferUsages(COPY_DST | UNIFORM), mapped_at_creation: false }
[2025-06-12 09:33:39] [INFO] [C:\Users\10463\.cargo\registry\src\index.crates.io-1949cf8c6b5b557f\wgpu-core-0.16.1\src\device\mod.rs:3999] Created texture Valid((0, 1, Vulkan)) with TextureDescriptor { label: Some("glyphon atlas"), size: Extent3d { width: 256, height: 256, depth_or_array_layers: 1 }, mip_level_count: 1, sample_count: 1, dimension: D2, format: Rgba8UnormSrgb, usage: TextureUsages(COPY_DST | TEXTURE_BINDING), view_formats: [] }
[2025-06-12 09:33:39] [INFO] [C:\Users\10463\.cargo\registry\src\index.crates.io-1949cf8c6b5b557f\wgpu-core-0.16.1\src\device\mod.rs:3999] Created texture Valid((1, 1, Vulkan)) with TextureDescriptor { label: Some("glyphon atlas"), size: Extent3d { width: 256, height: 256, depth_or_array_layers: 1 }, mip_level_count: 1, sample_count: 1, dimension: D2, format: R8Unorm, usage: TextureUsages(COPY_DST | TEXTURE_BINDING), view_formats: [] }
[2025-06-12 09:33:39] [INFO] [C:\Users\10463\.cargo\registry\src\index.crates.io-1949cf8c6b5b557f\wgpu-core-0.16.1\src\device\mod.rs:3659] Created buffer Valid((1, 1, Vulkan)) with BufferDescriptor { label: Some("iced_wgpu::quad vertex buffer"), size: 32, usage: BufferUsages(VERTEX), mapped_at_creation: true }
[2025-06-12 09:33:39] [INFO] [C:\Users\10463\.cargo\registry\src\index.crates.io-1949cf8c6b5b557f\wgpu-core-0.16.1\src\device\mod.rs:3659] Created buffer Valid((2, 1, Vulkan)) with BufferDescriptor { label: Some("iced_wgpu::quad index buffer"), size: 12, usage: BufferUsages(INDEX), mapped_at_creation: true }
[2025-06-12 09:33:39] [INFO] [C:\Users\10463\.cargo\registry\src\index.crates.io-1949cf8c6b5b557f\wgpu-core-0.16.1\src\device\mod.rs:5092] Created render pipeline Valid((0, 1, Vulkan)) with RenderPipelineDescriptor { label: Some("iced_wgpu.quad.solid.pipeline"), layout: Some((1, 1, Vulkan)), vertex: VertexState { stage: ProgrammableStageDescriptor { module: (1, 1, Vulkan), entry_point: "solid_vs_main" }, buffers: [VertexBufferLayout { array_stride: 8, step_mode: Vertex, attributes: [VertexAttribute { format: Float32x2, offset: 0, shader_location: 0 }] }, VertexBufferLayout { array_stride: 68, step_mode: Instance, attributes: [VertexAttribute { format: Float32x4, offset: 0, shader_location: 1 }, VertexAttribute { format: Float32x2, offset: 16, shader_location: 2 }, VertexAttribute { format: Float32x2, offset: 24, shader_location: 3 }, VertexAttribute { format: Float32x4, offset: 32, shader_location: 4 }, VertexAttribute { format: Float32x4, offset: 48, shader_location: 5 }, VertexAttribute { format: Float32, offset: 64, shader_location: 6 }] }] }, primitive: PrimitiveState { topology: TriangleList, strip_index_format: None, front_face: Cw, cull_mode: None, unclipped_depth: false, polygon_mode: Fill, conservative: false }, depth_stencil: None, multisample: MultisampleState { count: 1, mask: 18446744073709551615, alpha_to_coverage_enabled: false }, fragment: Some(FragmentState { stage: ProgrammableStageDescriptor { module: (1, 1, Vulkan), entry_point: "solid_fs_main" }, targets: [Some(ColorTargetState { format: Bgra8UnormSrgb, blend: Some(BlendState { color: BlendComponent { src_factor: SrcAlpha, dst_factor: OneMinusSrcAlpha, operation: Add }, alpha: BlendComponent { src_factor: One, dst_factor: OneMinusSrcAlpha, operation: Add } }), write_mask: ColorWrites(RED | GREEN | BLUE | ALPHA) })] }), multiview: None }
[2025-06-12 09:33:39] [INFO] [C:\Users\10463\.cargo\registry\src\index.crates.io-1949cf8c6b5b557f\wgpu-core-0.16.1\src\device\mod.rs:5092] Created render pipeline Valid((1, 1, Vulkan)) with RenderPipelineDescriptor { label: Some("iced_wgpu.quad.gradient.pipeline"), layout: Some((2, 1, Vulkan)), vertex: VertexState { stage: ProgrammableStageDescriptor { module: (1, 2, Vulkan), entry_point: "gradient_vs_main" }, buffers: [VertexBufferLayout { array_stride: 8, step_mode: Vertex, attributes: [VertexAttribute { format: Float32x2, offset: 0, shader_location: 0 }] }, VertexBufferLayout { array_stride: 148, step_mode: Instance, attributes: [VertexAttribute { format: Uint32x4, offset: 0, shader_location: 1 }, VertexAttribute { format: Uint32x4, offset: 16, shader_location: 2 }, VertexAttribute { format: Uint32x4, offset: 32, shader_location: 3 }, VertexAttribute { format: Uint32x4, offset: 48, shader_location: 4 }, VertexAttribute { format: Uint32x4, offset: 64, shader_location: 5 }, VertexAttribute { format: Float32x4, offset: 80, shader_location: 6 }, VertexAttribute { format: Float32x4, offset: 96, shader_location: 7 }, VertexAttribute { format: Float32x4, offset: 112, shader_location: 8 }, VertexAttribute { format: Float32x4, offset: 128, shader_location: 9 }, VertexAttribute { format: Float32, offset: 144, shader_location: 10 }] }] }, primitive: PrimitiveState { topology: TriangleList, strip_index_format: None, front_face: Cw, cull_mode: None, unclipped_depth: false, polygon_mode: Fill, conservative: false }, depth_stencil: None, multisample: MultisampleState { count: 1, mask: 18446744073709551615, alpha_to_coverage_enabled: false }, fragment: Some(FragmentState { stage: ProgrammableStageDescriptor { module: (1, 2, Vulkan), entry_point: "gradient_fs_main" }, targets: [Some(ColorTargetState { format: Bgra8UnormSrgb, blend: Some(BlendState { color: BlendComponent { src_factor: SrcAlpha, dst_factor: OneMinusSrcAlpha, operation: Add }, alpha: BlendComponent { src_factor: One, dst_factor: OneMinusSrcAlpha, operation: Add } }), write_mask: ColorWrites(RED | GREEN | BLUE | ALPHA) })] }), multiview: None }
[2025-06-12 09:33:39] [INFO] [C:\Users\10463\.cargo\registry\src\index.crates.io-1949cf8c6b5b557f\wgpu-core-0.16.1\src\device\mod.rs:5092] Created render pipeline Valid((2, 1, Vulkan)) with RenderPipelineDescriptor { label: Some("iced_wgpu::triangle::solid pipeline"), layout: Some((3, 1, Vulkan)), vertex: VertexState { stage: ProgrammableStageDescriptor { module: (1, 3, Vulkan), entry_point: "solid_vs_main" }, buffers: [VertexBufferLayout { array_stride: 24, step_mode: Vertex, attributes: [VertexAttribute { format: Float32x2, offset: 0, shader_location: 0 }, VertexAttribute { format: Float32x4, offset: 8, shader_location: 1 }] }] }, primitive: PrimitiveState { topology: TriangleList, strip_index_format: None, front_face: Cw, cull_mode: None, unclipped_depth: false, polygon_mode: Fill, conservative: false }, depth_stencil: None, multisample: MultisampleState { count: 1, mask: 18446744073709551615, alpha_to_coverage_enabled: false }, fragment: Some(FragmentState { stage: ProgrammableStageDescriptor { module: (1, 3, Vulkan), entry_point: "solid_fs_main" }, targets: [Some(ColorTargetState { format: Bgra8UnormSrgb, blend: Some(BlendState { color: BlendComponent { src_factor: SrcAlpha, dst_factor: OneMinusSrcAlpha, operation: Add }, alpha: BlendComponent { src_factor: One, dst_factor: OneMinusSrcAlpha, operation: Add } }), write_mask: ColorWrites(RED | GREEN | BLUE | ALPHA) })] }), multiview: None }
[2025-06-12 09:33:39] [INFO] [C:\Users\10463\.cargo\registry\src\index.crates.io-1949cf8c6b5b557f\wgpu-core-0.16.1\src\device\mod.rs:5092] Created render pipeline Valid((3, 1, Vulkan)) with RenderPipelineDescriptor { label: Some("iced_wgpu.triangle.gradient.pipeline"), layout: Some((4, 1, Vulkan)), vertex: VertexState { stage: ProgrammableStageDescriptor { module: (1, 4, Vulkan), entry_point: "gradient_vs_main" }, buffers: [VertexBufferLayout { array_stride: 104, step_mode: Vertex, attributes: [VertexAttribute { format: Float32x2, offset: 0, shader_location: 0 }, VertexAttribute { format: Uint32x4, offset: 8, shader_location: 1 }, VertexAttribute { format: Uint32x4, offset: 24, shader_location: 2 }, VertexAttribute { format: Uint32x4, offset: 40, shader_location: 3 }, VertexAttribute { format: Uint32x4, offset: 56, shader_location: 4 }, VertexAttribute { format: Uint32x4, offset: 72, shader_location: 5 }, VertexAttribute { format: Float32x4, offset: 88, shader_location: 6 }] }] }, primitive: PrimitiveState { topology: TriangleList, strip_index_format: None, front_face: Cw, cull_mode: None, unclipped_depth: false, polygon_mode: Fill, conservative: false }, depth_stencil: None, multisample: MultisampleState { count: 1, mask: 18446744073709551615, alpha_to_coverage_enabled: false }, fragment: Some(FragmentState { stage: ProgrammableStageDescriptor { module: (1, 4, Vulkan), entry_point: "gradient_fs_main" }, targets: [Some(ColorTargetState { format: Bgra8UnormSrgb, blend: Some(BlendState { color: BlendComponent { src_factor: SrcAlpha, dst_factor: OneMinusSrcAlpha, operation: Add }, alpha: BlendComponent { src_factor: One, dst_factor: OneMinusSrcAlpha, operation: Add } }), write_mask: ColorWrites(RED | GREEN | BLUE | ALPHA) })] }), multiview: None }
[2025-06-12 09:33:39] [INFO] [C:\Users\10463\.cargo\registry\src\index.crates.io-1949cf8c6b5b557f\wgpu-core-0.16.1\src\device\mod.rs:5446] configuring surface with SurfaceConfiguration { usage: TextureUsages(RENDER_ATTACHMENT), format: Bgra8UnormSrgb, width: 600, height: 400, present_mode: AutoVsync, alpha_mode: Auto, view_formats: [] }
[2025-06-12 09:33:39] [INFO] [C:\Users\10463\.cargo\registry\src\index.crates.io-1949cf8c6b5b557f\wgpu-core-0.16.1\src\device\mod.rs:5387] Automatically choosing presentation mode by rule AutoVsync. Chose Fifo
[2025-06-12 09:33:39] [INFO] [C:\Users\10463\.cargo\registry\src\index.crates.io-1949cf8c6b5b557f\wgpu-core-0.16.1\src\device\mod.rs:5431] Automatically choosing alpha mode by rule Auto. Chose Opaque
[2025-06-12 09:33:40] [INFO] [C:\Users\10463\.cargo\registry\src\index.crates.io-1949cf8c6b5b557f\wgpu-core-0.16.1\src\device\mod.rs:5446] configuring surface with SurfaceConfiguration { usage: TextureUsages(RENDER_ATTACHMENT), format: Bgra8UnormSrgb, width: 600, height: 400, present_mode: AutoVsync, alpha_mode: Auto, view_formats: [] }
[2025-06-12 09:33:40] [INFO] [C:\Users\10463\.cargo\registry\src\index.crates.io-1949cf8c6b5b557f\wgpu-core-0.16.1\src\device\mod.rs:5387] Automatically choosing presentation mode by rule AutoVsync. Chose Fifo
[2025-06-12 09:33:40] [INFO] [C:\Users\10463\.cargo\registry\src\index.crates.io-1949cf8c6b5b557f\wgpu-core-0.16.1\src\device\mod.rs:5431] Automatically choosing alpha mode by rule Auto. Chose Opaque
[2025-06-12 09:33:40] [INFO] [C:\Users\10463\.cargo\registry\src\index.crates.io-1949cf8c6b5b557f\wgpu-core-0.16.1\src\device\mod.rs:3659] Created buffer Valid((3, 1, Vulkan)) with BufferDescriptor { label: Some("iced_wgpu::quad uniforms buffer"), size: 80, usage: BufferUsages(COPY_DST | UNIFORM), mapped_at_creation: false }
[2025-06-12 09:33:40] [INFO] [C:\Users\10463\.cargo\registry\src\index.crates.io-1949cf8c6b5b557f\wgpu-core-0.16.1\src\device\mod.rs:3659] Created buffer Valid((4, 1, Vulkan)) with BufferDescriptor { label: Some("iced_wgpu.quad.solid.buffer"), size: 262144, usage: BufferUsages(COPY_DST | VERTEX), mapped_at_creation: false }
[2025-06-12 09:33:40] [INFO] [C:\Users\10463\.cargo\registry\src\index.crates.io-1949cf8c6b5b557f\wgpu-core-0.16.1\src\device\mod.rs:3659] Created buffer Valid((5, 1, Vulkan)) with BufferDescriptor { label: Some("iced_wgpu.quad.gradient.buffer"), size: 524288, usage: BufferUsages(COPY_DST | VERTEX), mapped_at_creation: false }
[2025-06-12 09:33:40] [INFO] [C:\Users\10463\.cargo\registry\src\index.crates.io-1949cf8c6b5b557f\wgpu-core-0.16.1\src\device\mod.rs:3659] Created buffer Valid((6, 1, Vulkan)) with BufferDescriptor { label: Some("glyphon vertices"), size: 4096, usage: BufferUsages(COPY_DST | VERTEX), mapped_at_creation: false }
[2025-06-12 09:33:40] [INFO] [C:\Users\10463\.cargo\registry\src\index.crates.io-1949cf8c6b5b557f\wgpu-core-0.16.1\src\device\mod.rs:3659] Created buffer Valid((7, 1, Vulkan)) with BufferDescriptor { label: Some("glyphon indices"), size: 4096, usage: BufferUsages(COPY_DST | INDEX), mapped_at_creation: false }
[2025-06-12 09:33:40] [INFO] [C:\Users\10463\.cargo\registry\src\index.crates.io-1949cf8c6b5b557f\wgpu-core-0.16.1\src\device\mod.rs:5092] Created render pipeline Valid((4, 1, Vulkan)) with RenderPipelineDescriptor { label: Some("glyphon pipeline"), layout: Some((0, 1, Vulkan)), vertex: VertexState { stage: ProgrammableStageDescriptor { module: (0, 1, Vulkan), entry_point: "vs_main" }, buffers: [VertexBufferLayout { array_stride: 28, step_mode: Vertex, attributes: [VertexAttribute { format: Sint32x2, offset: 0, shader_location: 0 }, VertexAttribute { format: Uint32, offset: 8, shader_location: 1 }, VertexAttribute { format: Uint32, offset: 12, shader_location: 2 }, VertexAttribute { format: Uint32, offset: 16, shader_location: 3 }, VertexAttribute { format: Uint32, offset: 20, shader_location: 4 }, VertexAttribute { format: Float32, offset: 24, shader_location: 5 }] }] }, primitive: PrimitiveState { topology: TriangleList, strip_index_format: None, front_face: Ccw, cull_mode: None, unclipped_depth: false, polygon_mode: Fill, conservative: false }, depth_stencil: None, multisample: MultisampleState { count: 1, mask: 18446744073709551615, alpha_to_coverage_enabled: false }, fragment: Some(FragmentState { stage: ProgrammableStageDescriptor { module: (0, 1, Vulkan), entry_point: "fs_main" }, targets: [Some(ColorTargetState { format: Bgra8UnormSrgb, blend: Some(BlendState { color: BlendComponent { src_factor: SrcAlpha, dst_factor: OneMinusSrcAlpha, operation: Add }, alpha: BlendComponent { src_factor: One, dst_factor: OneMinusSrcAlpha, operation: Add } }), write_mask: ColorWrites(RED | GREEN | BLUE | ALPHA) })] }), multiview: None }
